- -             [ Msg , null, "00:00:00.039", "/src/main.cc", 119, "display_version" ]
  - This is Flow123d, version 3.9.0 commit: df80dc6
- -             [ Msg , null, "00:00:00.039", "/src/main.cc", 121, "display_version" ]
  - |
    Branch: 3.9.1
    Build: Aug 22 2022, 12:57:04 flags: -O3 -DNDEBUG -std=c++14 -pedantic -Wall -Wextra -Werror     -Wno-catch-value -Wno-deprecated-copy -Wno-misleading-indentation -Wno-implicit-fallthrough     -Wno-vla -Wno-unused-local-typedefs -Wno-deprecated-declarations
    Fetch URL:  https://github.com/flow123d/flow123d
- -             [ Msg , null, "00:00:00.085", "/src/io/msh_gmshreader.cc", 58, "read_nodes" ]
  - - Reading nodes...
- -             [ Msg , null, "00:00:00.092", "/src/io/msh_gmshreader.cc", 85, "read_nodes" ]
  - ... 1754 nodes read. 
- -             [ Msg , null, "00:00:00.092", "/src/io/msh_gmshreader.cc", 91, "read_elements" ]
  - - Reading elements...
- -             [ Msg , null, "00:00:00.114", "/src/io/msh_gmshreader.cc", 159, "read_elements" ]
  - ... 8042 bulk elements, 1480 boundary elements. 
- -             [ Msg , null, "00:00:00.128", "/src/mesh/mesh.cc", 808, "make_neighbours_and_edges" ]
  - Created 16824 edges and 0 neighbours.
- -             [ Msg , null, "00:00:00.139", "/src/mesh/bc_mesh.cc", 203, "make_neighbours_and_edges" ]
  - Created 2220 edges and 0 neighbours on boundary mesh.
- -             [ Msg , null, "00:00:00.141", "/src/mesh/mesh.cc", 1048, "check_and_finish" ]
  - |
    ----------- Table of all regions: -----------
     - Boundary elementary regions -
    name                  id dim
    .surface_x_minus       5   2
    .surface_x_plus        6   2
    .surface_y_minus       3   2
    .surface_y_plus        4   2
    .surface_z_minus       1   2
    .surface_z_plus        2   2
    
     - Bulk elementary regions -
    name                  id dim
    rock                   7   3
    
     - Sets of regions -
    name              contains regions
    .BOUNDARY         [".surface_z_minus", ".surface_z_plus", ".surface_y_minus", ".surface_y_plus", ".surface_x_minus", ".surface_x_plus"]
    ALL               [".surface_z_minus", ".surface_z_plus", ".surface_y_minus", ".surface_y_plus", ".surface_x_minus", ".surface_x_plus", "rock"]
    BULK              ["rock"]
    ---------------------------------------------
    
- -             [ Log , null, "00:00:00.167", "/src/io/output_vtk.cc", 107, "init_from_input" ]
  - Writing flow output file: /C/Plocha/Semestral_internship_cvut/Python_scripts/Raw_data/uniform_deformation_tensor_cases/pure_normal_E_22/Output_simulation_pure_normal_E_22/mechanics.pvd ... 
- -             [ Log , null, "00:00:00.168", "/src/io/output_vtk.cc", 584, "write_head" ]
  - write_head: Writing output file (head) /C/Plocha/Semestral_internship_cvut/Python_scripts/Raw_data/uniform_deformation_tensor_cases/pure_normal_E_22/Output_simulation_pure_normal_E_22/mechanics.pvd ... 
- -             [ Log , null, "00:00:00.168", "/src/io/output_vtk.cc", 590, "write_head" ]
  - O.K.
- -             [ Wrn , null, "00:00:00.188", "/src/io/output_time.cc", 161, "fix_main_file_extension" ]
  - Renaming output file: /C/Plocha/Semestral_internship_cvut/Python_scripts/Raw_data/uniform_deformation_tensor_cases/pure_normal_E_22/Output_simulation_pure_normal_E_22/flow_fields to /C/Plocha/Semestral_internship_cvut/Python_scripts/Raw_data/uniform_deformation_tensor_cases/pure_normal_E_22/Output_simulation_pure_normal_E_22/flow_fields.pvd
- -             [ Log , null, "00:00:00.190", "/src/io/output_vtk.cc", 107, "init_from_input" ]
  - Writing flow output file: /C/Plocha/Semestral_internship_cvut/Python_scripts/Raw_data/uniform_deformation_tensor_cases/pure_normal_E_22/Output_simulation_pure_normal_E_22/flow_fields.pvd ... 
- -             [ Log , null, "00:00:00.191", "/src/io/output_vtk.cc", 584, "write_head" ]
  - write_head: Writing output file (head) /C/Plocha/Semestral_internship_cvut/Python_scripts/Raw_data/uniform_deformation_tensor_cases/pure_normal_E_22/Output_simulation_pure_normal_E_22/flow_fields.pvd ... 
- -             [ Log , null, "00:00:00.191", "/src/io/output_vtk.cc", 590, "write_head" ]
  - O.K.
- -             [ Wrn , null, "00:00:00.232", "/src/coupling/hm_iterative.cc", 245, "HM_Iterative" ]
  - |
    
    Used default values of Fields for equation flow:
    ----------------------------------------------------------------------------------------------------
     Field name                     Default value       Apply on regions
     anisotropy                     1.0                 rock
     cross_section                  1.0                 rock
     conductivity                   1.0                 rock
     sigma                          1.0                 rock
     water_source_density           0.0                 rock
     storativity                    0.0                 rock
     extra_storativity              0.0                 rock
     extra_water_source_density     0.0                 rock
     init_piezo_head                0.0                 rock
     bc_piezo_head                  0.0                 .surface_z_minus .surface_z_plus .surface_y_minus .surface_y_plus .surface_x_minus .surface_x_plus
     bc_switch_piezo_head           0.0                 .surface_z_minus .surface_z_plus .surface_y_minus .surface_y_plus .surface_x_minus .surface_x_plus
    ----------------------------------------------------------------------------------------------------
    
- -             [ Wrn , null, "00:00:00.242", "/src/coupling/hm_iterative.cc", 287, "zero_time_step" ]
  - |
    
    Used default values of Fields for equation coupling_iterative:
    ----------------------------------------------------------------------------------------------------
     Field name                     Default value       Apply on regions
     biot_alpha                     0.0                 rock
     fluid_density                  0.0                 rock
     gravity                        9.81                rock
    ----------------------------------------------------------------------------------------------------
    
- -             [ Msg , null, "00:00:00.258", "/src/flow/darcy_flow_lmh.cc", 490, "zero_time_step" ]
  - Flow zero time step - steady case
- -             [ Msg , null, "00:00:00.344", "/src/flow/darcy_flow_lmh.cc", 598, "solve_nonlinear" ]
  - [nonlinear solver] norm of initial residual: 0
- -             [ Log , null, "00:00:00.345", "/src/la/linsys_PETSC.cc", 371, "solve" ]
  - inserting petsc options: -ksp_type cg -pc_type icc  -pc_factor_levels 3 -ksp_diagonal_scale -ksp_diagonal_scale_fix -pc_factor_fill 6.0
- -             [ Log , null, "00:00:00.363", "/src/la/linsys_PETSC.cc", 409, "solve" ]
  - convergence reason 3, number of iterations is 0
- -             [ Msg , null, "00:00:00.364", "/src/flow/darcy_flow_lmh.cc", 642, "solve_nonlinear" ]
  - [schur solver] lin. it: 0, reason: 3, residual: 0
- -             [ Msg , null, "00:00:00.365", "/src/flow/darcy_flow_lmh.cc", 651, "solve_nonlinear" ]
  - [nonlinear solver] lin. it: 0, reason: 3, residual: 0
- -             [ Log , null, "00:00:00.377", "/src/io/output_time.cc", 229, "write_time_frame" ]
  - Skipping output stream: /C/Plocha/Semestral_internship_cvut/Python_scripts/Raw_data/uniform_deformation_tensor_cases/pure_normal_E_22/Output_simulation_pure_normal_E_22/flow_fields.pvd in time: -1
- -             [ Wrn , null, "00:00:00.389", "/src/mechanics/elasticity.cc", 499, "zero_time_step" ]
  - |
    
    Used default values of Fields for equation mechanics:
    ----------------------------------------------------------------------------------------------------
     Field name                     Default value       Apply on regions
     bc_traction                    0.0                 .surface_z_minus .surface_z_plus .surface_y_minus .surface_y_plus .surface_x_minus .surface_x_plus
     bc_stress                      0.0                 .surface_z_minus .surface_z_plus .surface_y_minus .surface_y_plus .surface_x_minus .surface_x_plus
     load                           0.0                 rock
     fracture_sigma                 1.0                 rock
     initial_stress                 0.0                 rock
     cross_section_min              0.0                 rock
    ----------------------------------------------------------------------------------------------------
    
- -             [ Log , null, "00:00:01.556", "/src/la/linsys_PETSC.cc", 371, "solve" ]
  - inserting petsc options: -ksp_type cg -pc_type hypre -pc_hypre_type boomeramg
- -             [ Log , null, "00:00:01.722", "/src/la/linsys_PETSC.cc", 409, "solve" ]
  - convergence reason 2, number of iterations is 13
- -             [ Msg , null, "00:00:01.723", "/src/mechanics/elasticity.cc", 518, "zero_time_step" ]
  - [mech solver] lin. it: 13, reason: 2, residual: 0.000376948
- -             [ Log , null, "00:00:01.737", "/src/io/output_time.cc", 229, "write_time_frame" ]
  - Skipping output stream: /C/Plocha/Semestral_internship_cvut/Python_scripts/Raw_data/uniform_deformation_tensor_cases/pure_normal_E_22/Output_simulation_pure_normal_E_22/mechanics.pvd in time: -1
- -             [ Msg , null, "00:00:01.784", "/src/tools/time_governor.cc", 785, "view" ]
  - TG[HM]:000001    t:    1.0000    dt:  1.000000    dt_int<  0.000000,  0.000000>
- -             [ Log , null, "00:00:01.839", "/src/la/linsys_PETSC.cc", 371, "solve" ]
  - inserting petsc options: -ksp_type cg -pc_type hypre -pc_hypre_type boomeramg
- -             [ Log , null, "00:00:01.908", "/src/la/linsys_PETSC.cc", 409, "solve" ]
  - convergence reason 2, number of iterations is 0
- -             [ Msg , null, "00:00:01.909", "/src/mechanics/elasticity.cc", 592, "solve_linear_system" ]
  - [mech solver] lin. it: 0, reason: 2, residual: 0.00037674
- -             [ Msg , null, "00:00:01.914", "/src/coupling/hm_iterative.cc", 379, "compute_iteration_error" ]
  - |
    HM Iteration 1 abs. difference: 0  rel. difference: 0
    --------------------------------------------------------
- -             [ Log , null, "00:00:01.946", "/src/io/output_time.cc", 229, "write_time_frame" ]
  - Skipping output stream: /C/Plocha/Semestral_internship_cvut/Python_scripts/Raw_data/uniform_deformation_tensor_cases/pure_normal_E_22/Output_simulation_pure_normal_E_22/flow_fields.pvd in time: -1
- -             [ Log , null, "00:00:01.967", "/src/io/output_time.cc", 214, "write_time_frame" ]
  - Write output to output stream: /C/Plocha/Semestral_internship_cvut/Python_scripts/Raw_data/uniform_deformation_tensor_cases/pure_normal_E_22/Output_simulation_pure_normal_E_22/mechanics.pvd for time: 0
- -             [ Log , null, "00:00:01.969", "/src/io/output_vtk.cc", 187, "write_data" ]
  - write_data: Writing output (frame: 0, rank: 0) file: mechanics/mechanics-000000.vtu ... 
- -             [ Log , null, "00:00:02.194", "/src/io/output_vtk.cc", 198, "write_data" ]
  - O.K.
- -             [ Log , null, "00:00:02.224", "/src/io/output_time.cc", 229, "write_time_frame" ]
  - Skipping output stream: /C/Plocha/Semestral_internship_cvut/Python_scripts/Raw_data/uniform_deformation_tensor_cases/pure_normal_E_22/Output_simulation_pure_normal_E_22/flow_fields.pvd in time: -1
- -             [ Log , null, "00:00:02.224", "/src/io/output_vtk.cc", 603, "write_tail" ]
  - write_tail: Writing output file (tail) /C/Plocha/Semestral_internship_cvut/Python_scripts/Raw_data/uniform_deformation_tensor_cases/pure_normal_E_22/Output_simulation_pure_normal_E_22/flow_fields.pvd ... 
- -             [ Log , null, "00:00:02.225", "/src/io/output_vtk.cc", 608, "write_tail" ]
  - O.K.
- -             [ Log , null, "00:00:02.226", "/src/io/output_time.cc", 119, "~OutputTime" ]
  - O.K.
- -             [ Log , null, "00:00:02.235", "/src/io/output_time.cc", 214, "write_time_frame" ]
  - Write output to output stream: /C/Plocha/Semestral_internship_cvut/Python_scripts/Raw_data/uniform_deformation_tensor_cases/pure_normal_E_22/Output_simulation_pure_normal_E_22/mechanics.pvd for time: 1
- -             [ Log , null, "00:00:02.238", "/src/io/output_vtk.cc", 187, "write_data" ]
  - write_data: Writing output (frame: 1, rank: 0) file: mechanics/mechanics-000001.vtu ... 
- -             [ Log , null, "00:00:02.460", "/src/io/output_vtk.cc", 198, "write_data" ]
  - O.K.
- -             [ Log , null, "00:00:02.460", "/src/io/output_vtk.cc", 603, "write_tail" ]
  - write_tail: Writing output file (tail) /C/Plocha/Semestral_internship_cvut/Python_scripts/Raw_data/uniform_deformation_tensor_cases/pure_normal_E_22/Output_simulation_pure_normal_E_22/mechanics.pvd ... 
- -             [ Log , null, "00:00:02.461", "/src/io/output_vtk.cc", 608, "write_tail" ]
  - O.K.
- -             [ Log , null, "00:00:02.461", "/src/io/output_time.cc", 119, "~OutputTime" ]
  - O.K.
