- -             [ Msg , null, "00:00:00.066", "/src/main.cc", 119, "display_version" ]
  - This is Flow123d, version 3.9.0 commit: df80dc6
- -             [ Msg , null, "00:00:00.066", "/src/main.cc", 121, "display_version" ]
  - |
    Branch: 3.9.1
    Build: Aug 22 2022, 12:57:04 flags: -O3 -DNDEBUG -std=c++14 -pedantic -Wall -Wextra -Werror     -Wno-catch-value -Wno-deprecated-copy -Wno-misleading-indentation -Wno-implicit-fallthrough     -Wno-vla -Wno-unused-local-typedefs -Wno-deprecated-declarations
    Fetch URL:  https://github.com/flow123d/flow123d
- -             [ Wrn , null, "00:00:00.100", "/src/input/reader_internal_base.cc", 170, "make_sub_storage" ]
  - Unprocessed key 'bc_displacement_n' in Record '/problem/flow_equation/mechanics_equation/input_fields/2'.
- -             [ Msg , null, "00:00:00.112", "/src/io/msh_gmshreader.cc", 58, "read_nodes" ]
  - - Reading nodes...
- -             [ Msg , null, "00:00:00.118", "/src/io/msh_gmshreader.cc", 85, "read_nodes" ]
  - ... 1233 nodes read. 
- -             [ Msg , null, "00:00:00.118", "/src/io/msh_gmshreader.cc", 91, "read_elements" ]
  - - Reading elements...
- -             [ Msg , null, "00:00:00.135", "/src/io/msh_gmshreader.cc", 159, "read_elements" ]
  - ... 5837 bulk elements, 1107 boundary elements. 
- -             [ Wrn , null, "00:00:00.143", "/src/mesh/mesh.cc", 655, "make_neighbours_and_edges" ]
  - Lonely boundary element, id: 0, region: 8, dimension 0.
- -             [ Wrn , null, "00:00:00.143", "/src/mesh/mesh.cc", 655, "make_neighbours_and_edges" ]
  - Lonely boundary element, id: 1, region: 9, dimension 0.
- -             [ Wrn , null, "00:00:00.143", "/src/mesh/mesh.cc", 655, "make_neighbours_and_edges" ]
  - Lonely boundary element, id: 2, region: 10, dimension 0.
- -             [ Msg , null, "00:00:00.147", "/src/mesh/mesh.cc", 808, "make_neighbours_and_edges" ]
  - Created 12226 edges and 0 neighbours.
- -             [ Msg , null, "00:00:00.158", "/src/mesh/bc_mesh.cc", 203, "make_neighbours_and_edges" ]
  - Created 1656 edges and 0 neighbours on boundary mesh.
- -             [ Msg , null, "00:00:00.159", "/src/mesh/mesh.cc", 1048, "check_and_finish" ]
  - |
    ----------- Table of all regions: -----------
     - Boundary elementary regions -
    name                  id dim
    .fix_point_1_DOFs     10   0
    .fix_point_2_DOFs      9   0
    .fix_point_3_DOFs      8   0
    .surface_x_minus       5   2
    .surface_x_plus        4   2
    .surface_y_minus       7   2
    .surface_y_plus        6   2
    .surface_z_minus       3   2
    .surface_z_plus        2   2
    
     - Bulk elementary regions -
    name                  id dim
    rock                   1   3
    
     - Sets of regions -
    name              contains regions
    .BOUNDARY         [".fix_point_3_DOFs", ".fix_point_2_DOFs", ".fix_point_1_DOFs", ".surface_z_plus", ".surface_z_minus", ".surface_x_plus", ".surface_x_minus", ".surface_y_plus", ".surface_y_minus"]
    ALL               [".fix_point_3_DOFs", ".fix_point_2_DOFs", ".fix_point_1_DOFs", ".surface_z_plus", ".surface_z_minus", ".surface_x_plus", ".surface_x_minus", ".surface_y_plus", ".surface_y_minus", "rock"]
    BULK              ["rock"]
    ---------------------------------------------
    
- -             [ Log , null, "00:00:00.181", "/src/io/output_vtk.cc", 107, "init_from_input" ]
  - Writing flow output file: /C/Plocha/Semestral_internship_cvut/uniform_stress_tensor_cases/pure_shear_sigma_13/Output_of_simulation/mechanics.pvd ... 
- -             [ Log , null, "00:00:00.182", "/src/io/output_vtk.cc", 584, "write_head" ]
  - write_head: Writing output file (head) /C/Plocha/Semestral_internship_cvut/uniform_stress_tensor_cases/pure_shear_sigma_13/Output_of_simulation/mechanics.pvd ... 
- -             [ Log , null, "00:00:00.183", "/src/io/output_vtk.cc", 590, "write_head" ]
  - O.K.
- -             [ Wrn , null, "00:00:00.202", "/src/io/output_time.cc", 161, "fix_main_file_extension" ]
  - Renaming output file: /C/Plocha/Semestral_internship_cvut/uniform_stress_tensor_cases/pure_shear_sigma_13/Output_of_simulation/flow_fields to /C/Plocha/Semestral_internship_cvut/uniform_stress_tensor_cases/pure_shear_sigma_13/Output_of_simulation/flow_fields.pvd
- -             [ Log , null, "00:00:00.204", "/src/io/output_vtk.cc", 107, "init_from_input" ]
  - Writing flow output file: /C/Plocha/Semestral_internship_cvut/uniform_stress_tensor_cases/pure_shear_sigma_13/Output_of_simulation/flow_fields.pvd ... 
- -             [ Log , null, "00:00:00.206", "/src/io/output_vtk.cc", 584, "write_head" ]
  - write_head: Writing output file (head) /C/Plocha/Semestral_internship_cvut/uniform_stress_tensor_cases/pure_shear_sigma_13/Output_of_simulation/flow_fields.pvd ... 
- -             [ Log , null, "00:00:00.206", "/src/io/output_vtk.cc", 590, "write_head" ]
  - O.K.
- -             [ Wrn , null, "00:00:00.244", "/src/coupling/hm_iterative.cc", 245, "HM_Iterative" ]
  - |
    
    Used default values of Fields for equation flow:
    ----------------------------------------------------------------------------------------------------
     Field name                     Default value       Apply on regions
     anisotropy                     1.0                 rock
     cross_section                  1.0                 rock
     conductivity                   1.0                 rock
     sigma                          1.0                 rock
     water_source_density           0.0                 rock
     storativity                    0.0                 rock
     extra_storativity              0.0                 rock
     extra_water_source_density     0.0                 rock
     init_piezo_head                0.0                 rock
     bc_piezo_head                  0.0                 .fix_point_3_DOFs .fix_point_2_DOFs .fix_point_1_DOFs .surface_z_plus .surface_z_minus .surface_x_plus .surface_x_minus .surface_y_plus .surface_y_minus
     bc_switch_piezo_head           0.0                 .fix_point_3_DOFs .fix_point_2_DOFs .fix_point_1_DOFs .surface_z_plus .surface_z_minus .surface_x_plus .surface_x_minus .surface_y_plus .surface_y_minus
    ----------------------------------------------------------------------------------------------------
    
- -             [ Wrn , null, "00:00:00.252", "/src/coupling/hm_iterative.cc", 287, "zero_time_step" ]
  - |
    
    Used default values of Fields for equation coupling_iterative:
    ----------------------------------------------------------------------------------------------------
     Field name                     Default value       Apply on regions
     biot_alpha                     0.0                 rock
     fluid_density                  0.0                 rock
     gravity                        9.81                rock
    ----------------------------------------------------------------------------------------------------
    
- -             [ Msg , null, "00:00:00.265", "/src/flow/darcy_flow_lmh.cc", 490, "zero_time_step" ]
  - Flow zero time step - steady case
- -             [ Msg , null, "00:00:00.338", "/src/flow/darcy_flow_lmh.cc", 598, "solve_nonlinear" ]
  - [nonlinear solver] norm of initial residual: 0
- -             [ Log , null, "00:00:00.339", "/src/la/linsys_PETSC.cc", 371, "solve" ]
  - inserting petsc options: -ksp_type cg -pc_type icc  -pc_factor_levels 3 -ksp_diagonal_scale -ksp_diagonal_scale_fix -pc_factor_fill 6.0
- -             [ Log , null, "00:00:00.353", "/src/la/linsys_PETSC.cc", 409, "solve" ]
  - convergence reason 3, number of iterations is 0
- -             [ Msg , null, "00:00:00.354", "/src/flow/darcy_flow_lmh.cc", 642, "solve_nonlinear" ]
  - [schur solver] lin. it: 0, reason: 3, residual: 0
- -             [ Msg , null, "00:00:00.354", "/src/flow/darcy_flow_lmh.cc", 651, "solve_nonlinear" ]
  - [nonlinear solver] lin. it: 0, reason: 3, residual: 0
- -             [ Log , null, "00:00:00.363", "/src/io/output_time.cc", 229, "write_time_frame" ]
  - Skipping output stream: /C/Plocha/Semestral_internship_cvut/uniform_stress_tensor_cases/pure_shear_sigma_13/Output_of_simulation/flow_fields.pvd in time: -1
- -             [ Wrn , null, "00:00:00.376", "/src/mechanics/elasticity.cc", 499, "zero_time_step" ]
  - |
    
    Used default values of Fields for equation mechanics:
    ----------------------------------------------------------------------------------------------------
     Field name                     Default value       Apply on regions
     bc_type                        "traction"          .fix_point_2_DOFs .fix_point_1_DOFs
     bc_displacement                0.0                 .fix_point_2_DOFs .fix_point_1_DOFs .surface_z_plus .surface_z_minus .surface_x_plus .surface_x_minus .surface_y_plus .surface_y_minus
     bc_traction                    0.0                 .fix_point_3_DOFs .fix_point_2_DOFs .fix_point_1_DOFs .surface_y_plus .surface_y_minus
     bc_stress                      0.0                 .fix_point_3_DOFs .fix_point_2_DOFs .fix_point_1_DOFs .surface_z_plus .surface_z_minus .surface_x_plus .surface_x_minus .surface_y_plus .surface_y_minus
     load                           0.0                 rock
     fracture_sigma                 1.0                 rock
     initial_stress                 0.0                 rock
     cross_section_min              0.0                 rock
    ----------------------------------------------------------------------------------------------------
    
- -             [ Log , null, "00:00:01.109", "/src/la/linsys_PETSC.cc", 371, "solve" ]
  - inserting petsc options: -ksp_type cg -pc_type hypre -pc_hypre_type boomeramg
- -             [ Log , null, "00:00:01.351", "/src/la/linsys_PETSC.cc", 409, "solve" ]
  - convergence reason 2, number of iterations is 24
- -             [ Msg , null, "00:00:01.353", "/src/mechanics/elasticity.cc", 518, "zero_time_step" ]
  - [mech solver] lin. it: 24, reason: 2, residual: 3.47571e-09
- -             [ Log , null, "00:00:01.364", "/src/io/output_time.cc", 229, "write_time_frame" ]
  - Skipping output stream: /C/Plocha/Semestral_internship_cvut/uniform_stress_tensor_cases/pure_shear_sigma_13/Output_of_simulation/mechanics.pvd in time: -1
- -             [ Msg , null, "00:00:01.399", "/src/tools/time_governor.cc", 785, "view" ]
  - TG[HM]:000001    t:    1.0000    dt:  1.000000    dt_int<  0.000000,  0.000000>
- -             [ Log , null, "00:00:01.438", "/src/la/linsys_PETSC.cc", 371, "solve" ]
  - inserting petsc options: -ksp_type cg -pc_type hypre -pc_hypre_type boomeramg
- -             [ Log , null, "00:00:01.514", "/src/la/linsys_PETSC.cc", 409, "solve" ]
  - convergence reason 2, number of iterations is 0
- -             [ Msg , null, "00:00:01.516", "/src/mechanics/elasticity.cc", 592, "solve_linear_system" ]
  - [mech solver] lin. it: 0, reason: 2, residual: 3.54233e-09
- -             [ Msg , null, "00:00:01.520", "/src/coupling/hm_iterative.cc", 379, "compute_iteration_error" ]
  - |
    HM Iteration 1 abs. difference: 0  rel. difference: 0
    --------------------------------------------------------
- -             [ Log , null, "00:00:01.544", "/src/io/output_time.cc", 229, "write_time_frame" ]
  - Skipping output stream: /C/Plocha/Semestral_internship_cvut/uniform_stress_tensor_cases/pure_shear_sigma_13/Output_of_simulation/flow_fields.pvd in time: -1
- -             [ Log , null, "00:00:01.564", "/src/io/output_time.cc", 214, "write_time_frame" ]
  - Write output to output stream: /C/Plocha/Semestral_internship_cvut/uniform_stress_tensor_cases/pure_shear_sigma_13/Output_of_simulation/mechanics.pvd for time: 0
- -             [ Log , null, "00:00:01.626", "/src/io/output_vtk.cc", 187, "write_data" ]
  - write_data: Writing output (frame: 0, rank: 0) file: mechanics/mechanics-000000.vtu ... 
- -             [ Log , null, "00:00:01.795", "/src/io/output_vtk.cc", 198, "write_data" ]
  - O.K.
- -             [ Log , null, "00:00:01.817", "/src/io/output_time.cc", 229, "write_time_frame" ]
  - Skipping output stream: /C/Plocha/Semestral_internship_cvut/uniform_stress_tensor_cases/pure_shear_sigma_13/Output_of_simulation/flow_fields.pvd in time: -1
- -             [ Log , null, "00:00:01.817", "/src/io/output_vtk.cc", 603, "write_tail" ]
  - write_tail: Writing output file (tail) /C/Plocha/Semestral_internship_cvut/uniform_stress_tensor_cases/pure_shear_sigma_13/Output_of_simulation/flow_fields.pvd ... 
- -             [ Log , null, "00:00:01.818", "/src/io/output_vtk.cc", 608, "write_tail" ]
  - O.K.
- -             [ Log , null, "00:00:01.818", "/src/io/output_time.cc", 119, "~OutputTime" ]
  - O.K.
- -             [ Log , null, "00:00:01.825", "/src/io/output_time.cc", 214, "write_time_frame" ]
  - Write output to output stream: /C/Plocha/Semestral_internship_cvut/uniform_stress_tensor_cases/pure_shear_sigma_13/Output_of_simulation/mechanics.pvd for time: 1
- -             [ Log , null, "00:00:01.883", "/src/io/output_vtk.cc", 187, "write_data" ]
  - write_data: Writing output (frame: 1, rank: 0) file: mechanics/mechanics-000001.vtu ... 
- -             [ Log , null, "00:00:02.052", "/src/io/output_vtk.cc", 198, "write_data" ]
  - O.K.
- -             [ Log , null, "00:00:02.052", "/src/io/output_vtk.cc", 603, "write_tail" ]
  - write_tail: Writing output file (tail) /C/Plocha/Semestral_internship_cvut/uniform_stress_tensor_cases/pure_shear_sigma_13/Output_of_simulation/mechanics.pvd ... 
- -             [ Log , null, "00:00:02.053", "/src/io/output_vtk.cc", 608, "write_tail" ]
  - O.K.
- -             [ Log , null, "00:00:02.053", "/src/io/output_time.cc", 119, "~OutputTime" ]
  - O.K.
