- -             [ Msg , null, "00:00:00.103", "/src/coupling/application.cc", 297, "display_version" ]
  - This is Flow123d, version 4.0.3dev commit: e651b99
- -             [ Msg , null, "00:00:00.103", "/src/coupling/application.cc", 299, "display_version" ]
  - |
    Branch: JS_constraints
    Build: Mar 20 2026, 14:17:25 flags:  -fPIC -pedantic -Wall -Wextra -Werror     -Wno-catch-value -Wno-deprecated-copy -Wno-misleading-indentation -Wno-implicit-fallthrough     -Wno-vla -Wno-unused-local-typedefs -Wno-deprecated-declarations
    Fetch URL:  https://github.com/flow123d/flow123d
- -             [ Msg , null, "00:00:00.147", "/src/io/msh_gmshreader.cc", 58, "read_nodes" ]
  - - Reading nodes...
- -             [ Msg , null, "00:00:00.152", "/src/io/msh_gmshreader.cc", 85, "read_nodes" ]
  - ... 1220 nodes read. 
- -             [ Msg , null, "00:00:00.153", "/src/io/msh_gmshreader.cc", 91, "read_elements" ]
  - - Reading elements...
- -             [ Msg , null, "00:00:00.170", "/src/io/msh_gmshreader.cc", 159, "read_elements" ]
  - ... 5434 bulk elements, 1108 boundary elements. 
- -             [ Wrn , null, "00:00:00.177", "/src/mesh/mesh.cc", 669, "make_neighbours_and_edges" ]
  - Lonely boundary element, id: 1, region: 2, dimension 0.
- -             [ Msg , null, "00:00:00.181", "/src/mesh/mesh.cc", 822, "make_neighbours_and_edges" ]
  - Created 11424 edges and 0 neighbours.
- -             [ Msg , null, "00:00:00.188", "/src/mesh/bc_mesh.cc", 203, "make_neighbours_and_edges" ]
  - Created 1668 edges and 0 neighbours on boundary mesh.
- -             [ Msg , null, "00:00:00.188", "/src/mesh/mesh.cc", 1062, "check_and_finish" ]
  - |
    ----------- Table of all regions: -----------
     - Boundary elementary regions -
    name                  id dim
    .IMPLICIT_BOUNDARY4294967293  10
    .support_origin        2   0
    .support_tetra_one_top     5   2
    .support_tetra_two_back     4   2
    .support_tetra_two_top     3   2
    .surface_x_minus      11   2
    .surface_x_plus        9   2
    .surface_y_minus       8   2
    .surface_y_plus       10   2
    .surface_z_minus       6   2
    .surface_z_plus        7   2
    
     - Bulk elementary regions -
    name                  id dim
    rock                   1   3
    
     - Sets of regions -
    name              contains regions
    .BOUNDARY         [".support_origin", ".support_tetra_two_top", ".support_tetra_two_back", ".support_tetra_one_top", ".surface_z_minus", ".surface_z_plus", ".surface_y_minus", ".surface_x_plus", ".surface_y_plus", ".surface_x_minus", ".IMPLICIT_BOUNDARY"]
    ALL               [".support_origin", ".support_tetra_two_top", ".support_tetra_two_back", ".support_tetra_one_top", ".surface_z_minus", ".surface_z_plus", ".surface_y_minus", ".surface_x_plus", ".surface_y_plus", ".surface_x_minus", "rock", ".IMPLICIT_BOUNDARY"]
    BULK              ["rock"]
    ---------------------------------------------
    
- -             [ Log , null, "00:00:00.211", "/src/io/output_vtk.cc", 107, "init_from_input" ]
  - Writing flow output file: /c/Plocha/Semestral_internship_cvut/Python_scripts/1Raw_data/cubes_as_supports_test_static/pure_shear_sigma_23/Output_simulation_pure_shear_sigma_23/mechanics.pvd ... 
- -             [ Log , null, "00:00:00.212", "/src/io/output_vtk.cc", 584, "write_head" ]
  - write_head: Writing output file (head) /c/Plocha/Semestral_internship_cvut/Python_scripts/1Raw_data/cubes_as_supports_test_static/pure_shear_sigma_23/Output_simulation_pure_shear_sigma_23/mechanics.pvd ... 
- -             [ Log , null, "00:00:00.213", "/src/io/output_vtk.cc", 590, "write_head" ]
  - O.K.
- -             [ Wrn , null, "00:00:00.230", "/src/io/output_time.cc", 161, "fix_main_file_extension" ]
  - Renaming output file: /c/Plocha/Semestral_internship_cvut/Python_scripts/1Raw_data/cubes_as_supports_test_static/pure_shear_sigma_23/Output_simulation_pure_shear_sigma_23/flow_fields to /c/Plocha/Semestral_internship_cvut/Python_scripts/1Raw_data/cubes_as_supports_test_static/pure_shear_sigma_23/Output_simulation_pure_shear_sigma_23/flow_fields.pvd
- -             [ Log , null, "00:00:00.233", "/src/io/output_vtk.cc", 107, "init_from_input" ]
  - Writing flow output file: /c/Plocha/Semestral_internship_cvut/Python_scripts/1Raw_data/cubes_as_supports_test_static/pure_shear_sigma_23/Output_simulation_pure_shear_sigma_23/flow_fields.pvd ... 
- -             [ Log , null, "00:00:00.234", "/src/io/output_vtk.cc", 584, "write_head" ]
  - write_head: Writing output file (head) /c/Plocha/Semestral_internship_cvut/Python_scripts/1Raw_data/cubes_as_supports_test_static/pure_shear_sigma_23/Output_simulation_pure_shear_sigma_23/flow_fields.pvd ... 
- -             [ Log , null, "00:00:00.235", "/src/io/output_vtk.cc", 590, "write_head" ]
  - O.K.
- -             [ Wrn , null, "00:00:00.268", "/src/coupling/hm_iterative.cc", 253, "HM_Iterative" ]
  - |
    
    Used default values of Fields for equation flow:
    ----------------------------------------------------------------------------------------------------
     Field name                     Default value       Apply on regions
     anisotropy                     1.0                 .support_origin .support_tetra_two_top .support_tetra_two_back .support_tetra_one_top .surface_z_minus .surface_z_plus .surface_y_minus .surface_x_plus .surface_y_plus .surface_x_minus rock .IMPLICIT_BOUNDARY
     cross_section                  1.0                 .support_origin .support_tetra_two_top .support_tetra_two_back .support_tetra_one_top .surface_z_minus .surface_z_plus .surface_y_minus .surface_x_plus .surface_y_plus .surface_x_minus rock .IMPLICIT_BOUNDARY
     conductivity                   1.0                 .support_origin .support_tetra_two_top .support_tetra_two_back .support_tetra_one_top .surface_z_minus .surface_z_plus .surface_y_minus .surface_x_plus .surface_y_plus .surface_x_minus rock .IMPLICIT_BOUNDARY
     sigma                          1.0                 .support_origin .support_tetra_two_top .support_tetra_two_back .support_tetra_one_top .surface_z_minus .surface_z_plus .surface_y_minus .surface_x_plus .surface_y_plus .surface_x_minus rock .IMPLICIT_BOUNDARY
     water_source_density           0.0                 .support_origin .support_tetra_two_top .support_tetra_two_back .support_tetra_one_top .surface_z_minus .surface_z_plus .surface_y_minus .surface_x_plus .surface_y_plus .surface_x_minus rock .IMPLICIT_BOUNDARY
     bc_type                        "none"              rock
     bc_pressure                    0.0                 rock
     bc_flux                        0.0                 .support_origin .support_tetra_two_top .support_tetra_two_back .support_tetra_one_top .surface_z_minus .surface_z_plus .surface_y_minus .surface_x_plus .surface_y_plus .surface_x_minus rock .IMPLICIT_BOUNDARY
     bc_robin_sigma                 0.0                 .support_origin .support_tetra_two_top .support_tetra_two_back .support_tetra_one_top .surface_z_minus .surface_z_plus .surface_y_minus .surface_x_plus .surface_y_plus .surface_x_minus rock .IMPLICIT_BOUNDARY
     bc_switch_pressure             0.0                 .support_origin .support_tetra_two_top .support_tetra_two_back .support_tetra_one_top .surface_z_minus .surface_z_plus .surface_y_minus .surface_x_plus .surface_y_plus .surface_x_minus rock .IMPLICIT_BOUNDARY
     init_pressure                  0.0                 .support_origin .support_tetra_two_top .support_tetra_two_back .support_tetra_one_top .surface_z_minus .surface_z_plus .surface_y_minus .surface_x_plus .surface_y_plus .surface_x_minus .IMPLICIT_BOUNDARY
     storativity                    0.0                 .support_origin .support_tetra_two_top .support_tetra_two_back .support_tetra_one_top .surface_z_minus .surface_z_plus .surface_y_minus .surface_x_plus .surface_y_plus .surface_x_minus rock .IMPLICIT_BOUNDARY
     extra_storativity              0.0                 .support_origin .support_tetra_two_top .support_tetra_two_back .support_tetra_one_top .surface_z_minus .surface_z_plus .surface_y_minus .surface_x_plus .surface_y_plus .surface_x_minus rock .IMPLICIT_BOUNDARY
     extra_water_source_density     0.0                 .support_origin .support_tetra_two_top .support_tetra_two_back .support_tetra_one_top .surface_z_minus .surface_z_plus .surface_y_minus .surface_x_plus .surface_y_plus .surface_x_minus rock .IMPLICIT_BOUNDARY
     init_piezo_head                0.0                 .support_origin .support_tetra_two_top .support_tetra_two_back .support_tetra_one_top .surface_z_minus .surface_z_plus .surface_y_minus .surface_x_plus .surface_y_plus .surface_x_minus rock .IMPLICIT_BOUNDARY
     bc_piezo_head                  0.0                 .support_origin .support_tetra_two_top .support_tetra_two_back .support_tetra_one_top .surface_z_minus .surface_z_plus .surface_y_minus .surface_x_plus .surface_y_plus .surface_x_minus rock .IMPLICIT_BOUNDARY
     bc_switch_piezo_head           0.0                 .support_origin .support_tetra_two_top .support_tetra_two_back .support_tetra_one_top .surface_z_minus .surface_z_plus .surface_y_minus .surface_x_plus .surface_y_plus .surface_x_minus rock .IMPLICIT_BOUNDARY
     ref_pressure                   0.0                 .support_origin .support_tetra_two_top .support_tetra_two_back .support_tetra_one_top .surface_z_minus .surface_z_plus .surface_y_minus .surface_x_plus .surface_y_plus .surface_x_minus rock .IMPLICIT_BOUNDARY
     ref_velocity                   0.0                 .support_origin .support_tetra_two_top .support_tetra_two_back .support_tetra_one_top .surface_z_minus .surface_z_plus .surface_y_minus .surface_x_plus .surface_y_plus .surface_x_minus rock .IMPLICIT_BOUNDARY
     ref_divergence                 0.0                 .support_origin .support_tetra_two_top .support_tetra_two_back .support_tetra_one_top .surface_z_minus .surface_z_plus .surface_y_minus .surface_x_plus .surface_y_plus .surface_x_minus rock .IMPLICIT_BOUNDARY
    ----------------------------------------------------------------------------------------------------
    
- -             [ Wrn , null, "00:00:00.275", "/src/coupling/hm_iterative.cc", 297, "zero_time_step" ]
  - |
    
    Used default values of Fields for equation coupling_iterative:
    ----------------------------------------------------------------------------------------------------
     Field name                     Default value       Apply on regions
     biot_alpha                     0.0                 .support_origin .support_tetra_two_top .support_tetra_two_back .support_tetra_one_top .surface_z_minus .surface_z_plus .surface_y_minus .surface_x_plus .surface_y_plus .surface_x_minus rock .IMPLICIT_BOUNDARY
     fluid_density                  0.0                 .support_origin .support_tetra_two_top .support_tetra_two_back .support_tetra_one_top .surface_z_minus .surface_z_plus .surface_y_minus .surface_x_plus .surface_y_plus .surface_x_minus rock .IMPLICIT_BOUNDARY
     gravity                        9.81                .support_origin .support_tetra_two_top .support_tetra_two_back .support_tetra_one_top .surface_z_minus .surface_z_plus .surface_y_minus .surface_x_plus .surface_y_plus .surface_x_minus rock .IMPLICIT_BOUNDARY
    ----------------------------------------------------------------------------------------------------
    
- -             [ Msg , null, "00:00:00.295", "/src/flow/darcy_flow_lmh.cc", 677, "zero_time_step" ]
  - Flow zero time step - steady case
- -             [ Msg , null, "00:00:00.345", "/src/flow/darcy_flow_lmh.cc", 784, "solve_nonlinear" ]
  - [nonlinear solver] norm of initial residual: 0
- -             [ Log , null, "00:00:00.345", "/src/la/linsys_PETSC.cc", 376, "solve" ]
  - inserting petsc options: -ksp_type cg -pc_type icc  -pc_factor_levels 3 -ksp_diagonal_scale -ksp_diagonal_scale_fix -pc_factor_fill 6.0
- -             [ Log , null, "00:00:00.357", "/src/la/linsys_PETSC.cc", 414, "solve" ]
  - convergence reason 3, number of iterations is 0
- -             [ Msg , null, "00:00:00.357", "/src/flow/darcy_flow_lmh.cc", 828, "solve_nonlinear" ]
  - [schur solver] lin. it: 0, reason: 3, residual: 0
- -             [ Msg , null, "00:00:00.358", "/src/flow/darcy_flow_lmh.cc", 837, "solve_nonlinear" ]
  - [nonlinear solver] lin. it: 0, reason: 3, residual: 0
- -             [ Wrn , null, "00:00:00.372", "/src/io/observe.cc", 470, "output_time_frame" ]
  - No observe fields for the observation stream: flow
- -             [ Log , null, "00:00:00.373", "/src/io/output_time.cc", 229, "write_time_frame" ]
  - Skipping output stream: /c/Plocha/Semestral_internship_cvut/Python_scripts/1Raw_data/cubes_as_supports_test_static/pure_shear_sigma_23/Output_simulation_pure_shear_sigma_23/flow_fields.pvd in time: -1
- -             [ Wrn , null, "00:00:00.396", "/src/mechanics/elasticity.cc", 517, "zero_time_step" ]
  - |
    
    Used default values of Fields for equation mechanics:
    ----------------------------------------------------------------------------------------------------
     Field name                     Default value       Apply on regions
     bc_type                        "traction"          .surface_x_plus .surface_x_minus rock .IMPLICIT_BOUNDARY
     bc_displacement                0.0                 .surface_z_minus .surface_z_plus .surface_y_minus .surface_x_plus .surface_y_plus .surface_x_minus rock .IMPLICIT_BOUNDARY
     bc_traction                    0.0                 .support_origin .support_tetra_two_top .support_tetra_two_back .support_tetra_one_top .surface_x_plus .surface_x_minus rock .IMPLICIT_BOUNDARY
     bc_stress                      0.0                 .support_origin .support_tetra_two_top .support_tetra_two_back .support_tetra_one_top .surface_z_minus .surface_z_plus .surface_y_minus .surface_x_plus .surface_y_plus .surface_x_minus rock .IMPLICIT_BOUNDARY
     load                           0.0                 .support_origin .support_tetra_two_top .support_tetra_two_back .support_tetra_one_top .surface_z_minus .surface_z_plus .surface_y_minus .surface_x_plus .surface_y_plus .surface_x_minus rock .IMPLICIT_BOUNDARY
     young_modulus                  0.0                 .support_origin .support_tetra_two_top .support_tetra_two_back .support_tetra_one_top .surface_z_minus .surface_z_plus .surface_y_minus .surface_x_plus .surface_y_plus .surface_x_minus .IMPLICIT_BOUNDARY
     poisson_ratio                  0.0                 .support_origin .support_tetra_two_top .support_tetra_two_back .support_tetra_one_top .surface_z_minus .surface_z_plus .surface_y_minus .surface_x_plus .surface_y_plus .surface_x_minus .IMPLICIT_BOUNDARY
     fracture_sigma                 1.0                 .support_origin .support_tetra_two_top .support_tetra_two_back .support_tetra_one_top .surface_z_minus .surface_z_plus .surface_y_minus .surface_x_plus .surface_y_plus .surface_x_minus rock .IMPLICIT_BOUNDARY
     initial_stress                 0.0                 .support_origin .support_tetra_two_top .support_tetra_two_back .support_tetra_one_top .surface_z_minus .surface_z_plus .surface_y_minus .surface_x_plus .surface_y_plus .surface_x_minus rock .IMPLICIT_BOUNDARY
     cross_section_min              0.0                 .support_origin .support_tetra_two_top .support_tetra_two_back .support_tetra_one_top .surface_z_minus .surface_z_plus .surface_y_minus .surface_x_plus .surface_y_plus .surface_x_minus rock .IMPLICIT_BOUNDARY
    ----------------------------------------------------------------------------------------------------
    
- -             [ Log , null, "00:00:00.851", "/src/la/linsys_PETSC.cc", 376, "solve" ]
  - inserting petsc options: -ksp_type cg -pc_type hypre -pc_hypre_type boomeramg
- -             [ Log , null, "00:00:02.850", "/src/la/linsys_PETSC.cc", 414, "solve" ]
  - convergence reason 2, number of iterations is 270
- -             [ Msg , null, "00:00:02.852", "/src/mechanics/elasticity.cc", 536, "zero_time_step" ]
  - [mech solver] lin. it: 270, reason: 2, residual: 1.37643e-08
- -             [ Wrn , null, "00:00:02.863", "/src/io/observe.cc", 470, "output_time_frame" ]
  - No observe fields for the observation stream: mechanics
- -             [ Log , null, "00:00:02.863", "/src/io/output_time.cc", 229, "write_time_frame" ]
  - Skipping output stream: /c/Plocha/Semestral_internship_cvut/Python_scripts/1Raw_data/cubes_as_supports_test_static/pure_shear_sigma_23/Output_simulation_pure_shear_sigma_23/mechanics.pvd in time: -1
- -             [ Msg , null, "00:00:02.879", "/src/tools/time_governor.cc", 782, "view" ]
  - TG[HM]:000001    t:    1.0000    dt:  1.000000    dt_int<  0.000000,  0.000000>
- -             [ Log , null, "00:00:02.919", "/src/la/linsys_PETSC.cc", 376, "solve" ]
  - inserting petsc options: -ksp_type cg -pc_type hypre -pc_hypre_type boomeramg
- -             [ Log , null, "00:00:03.796", "/src/la/linsys_PETSC.cc", 414, "solve" ]
  - convergence reason 2, number of iterations is 112
- -             [ Msg , null, "00:00:03.799", "/src/mechanics/elasticity.cc", 597, "solve_linear_system" ]
  - [mech solver] lin. it: 112, reason: 2, residual: 1.42784e-08
- -             [ Msg , null, "00:00:03.806", "/src/coupling/hm_iterative.cc", 392, "compute_iteration_error" ]
  - |
    HM Iteration 1 abs. difference: 0  rel. difference: 0
    --------------------------------------------------------
- -             [ Log , null, "00:00:03.818", "/src/io/output_time.cc", 229, "write_time_frame" ]
  - Skipping output stream: /c/Plocha/Semestral_internship_cvut/Python_scripts/1Raw_data/cubes_as_supports_test_static/pure_shear_sigma_23/Output_simulation_pure_shear_sigma_23/flow_fields.pvd in time: -1
- -             [ Log , null, "00:00:03.841", "/src/io/output_time.cc", 214, "write_time_frame" ]
  - Write output to output stream: /c/Plocha/Semestral_internship_cvut/Python_scripts/1Raw_data/cubes_as_supports_test_static/pure_shear_sigma_23/Output_simulation_pure_shear_sigma_23/mechanics.pvd for time: 0
- -             [ Log , null, "00:00:03.844", "/src/io/output_vtk.cc", 187, "write_data" ]
  - write_data: Writing output (frame: 0, rank: 0) file: mechanics/mechanics-000000.vtu ... 
- -             [ Log , null, "00:00:04.005", "/src/io/output_vtk.cc", 198, "write_data" ]
  - O.K.
- -             [ Log , null, "00:00:04.022", "/src/io/output_time.cc", 229, "write_time_frame" ]
  - Skipping output stream: /c/Plocha/Semestral_internship_cvut/Python_scripts/1Raw_data/cubes_as_supports_test_static/pure_shear_sigma_23/Output_simulation_pure_shear_sigma_23/flow_fields.pvd in time: -1
- -             [ Log , null, "00:00:04.023", "/src/io/output_vtk.cc", 603, "write_tail" ]
  - write_tail: Writing output file (tail) /c/Plocha/Semestral_internship_cvut/Python_scripts/1Raw_data/cubes_as_supports_test_static/pure_shear_sigma_23/Output_simulation_pure_shear_sigma_23/flow_fields.pvd ... 
- -             [ Log , null, "00:00:04.023", "/src/io/output_vtk.cc", 608, "write_tail" ]
  - O.K.
- -             [ Log , null, "00:00:04.024", "/src/io/output_time.cc", 119, "~OutputTime" ]
  - O.K.
- -             [ Log , null, "00:00:04.030", "/src/io/output_time.cc", 214, "write_time_frame" ]
  - Write output to output stream: /c/Plocha/Semestral_internship_cvut/Python_scripts/1Raw_data/cubes_as_supports_test_static/pure_shear_sigma_23/Output_simulation_pure_shear_sigma_23/mechanics.pvd for time: 1
- -             [ Log , null, "00:00:04.033", "/src/io/output_vtk.cc", 187, "write_data" ]
  - write_data: Writing output (frame: 1, rank: 0) file: mechanics/mechanics-000001.vtu ... 
- -             [ Log , null, "00:00:04.192", "/src/io/output_vtk.cc", 198, "write_data" ]
  - O.K.
- -             [ Log , null, "00:00:04.192", "/src/io/output_vtk.cc", 603, "write_tail" ]
  - write_tail: Writing output file (tail) /c/Plocha/Semestral_internship_cvut/Python_scripts/1Raw_data/cubes_as_supports_test_static/pure_shear_sigma_23/Output_simulation_pure_shear_sigma_23/mechanics.pvd ... 
- -             [ Log , null, "00:00:04.192", "/src/io/output_vtk.cc", 608, "write_tail" ]
  - O.K.
- -             [ Log , null, "00:00:04.193", "/src/io/output_time.cc", 119, "~OutputTime" ]
  - O.K.
